<?xml version="1.0" encoding="UTF-8"?>
<!-- Generated by org.testng.reporters.JUnitReportReporter -->
<testsuite skipped="0" hostname="PC-NAVEEN" name="pages.srs.TestExecution" tests="4" failures="0" timestamp="07 Jun 2018 10:04:36 GMT" time="24.601" errors="0">
  <testcase name="verify_login" time="3.308" classname="pages.srs.TestExecution"/>
  <testcase name="verify_login" time="5.960" classname="pages.srs.TestExecution"/>
  <testcase name="verfity_homepage" time="0.807" classname="pages.srs.TestExecution"/>
  <testcase name="branchcreation" time="14.526" classname="pages.srs.TestExecution"/>
</testsuite> <!-- pages.srs.TestExecution -->
